<?xml version="1.0" encoding="UTF-8"?>
<!-- Generated by org.testng.reporters.JUnitXMLReporter -->
<testsuite hostname="AkRaM" ignored="0" name="Default test" tests="3" failures="0" timestamp="25 Jun 2020 13:46:52 GMT" time="11.998" errors="0">
  <testcase name="UserCanSearchForProductsWithAutoSuggest" time="9.272" classname="tests.AddProductToWishListTest"/>
  <testcase name="UserCanAddProductToWishlist" time="1.336" classname="tests.AddProductToWishListTest"/>
  <testcase name="UserCanRemoveProductFromCart" time="1.366" classname="tests.AddProductToWishListTest"/>
</testsuite> <!-- Default test -->
