<?xml version="1.0" encoding="UTF-8"?>
<!-- Generated by org.testng.reporters.JUnitXMLReporter -->
<testsuite hostname="AkRaM" ignored="0" name="Regression Test" tests="3" failures="0" timestamp="07 May 2020 20:48:46 GMT" time="8.207" errors="0">
  <testcase name="UseCanRegisterSuccssfully" time="4.305" classname="tests.UserRegistrationTest"/>
  <testcase name="RegisterUserCanLogout" time="1.601" classname="tests.UserRegistrationTest"/>
  <testcase name="RegisterUserCanLogin" time="2.279" classname="tests.UserRegistrationTest"/>
</testsuite> <!-- Regression Test -->
